<?xml version="1.0" encoding="UTF-8"?>
<!-- Generated by org.testng.reporters.JUnitReportReporter -->
<testsuite hostname="LAPTOP-QI43OCD9" failures="0" tests="3" name="tests.LoginPageTest" time="32.835" errors="0" timestamp="2023-02-20T14:36:53 IST" skipped="0">
  <testcase classname="tests.LoginPageTest" name="verifyInvalidLogin" time="11.021"/>
  <system-out/>
  <testcase classname="tests.LoginPageTest" name="verifyInvalidLogin" time="9.482"/>
  <system-out/>
  <testcase classname="tests.LoginPageTest" name="verifyInvalidLogin" time="12.332"/>
  <system-out/>
</testsuite> <!-- tests.LoginPageTest -->
